<?xml version="1.0" encoding="UTF-8"?>
<!-- Generated by org.testng.reporters.JUnitXMLReporter -->
<testsuite ignored="0" hostname="Archon" failures="0" tests="9" name="Test" time="17.318" errors="0" timestamp="2022-01-30T12:45:07 NPT">
  <testcase classname="A2A.Seleniummadeeasy.FirstPageTest" name="messageInput" time="0.224"/>
  <testcase classname="A2A.Seleniummadeeasy.FirstPageTest" name="twomessageInput" time="0.259"/>
  <testcase classname="A2A.Seleniummadeeasy.FirstPageTest" name="SimpleformNavigate" time="0.519"/>
  <testcase classname="A2A.Seleniummadeeasy.FirstPageTest" name="radioNavigation" time="0.388"/>
  <testcase classname="A2A.Seleniummadeeasy.CheckBoxText" name="checkDisplayedCheck" time="0.568"/>
  <testcase classname="A2A.Seleniummadeeasy.CheckBoxText" name="checkSelected" time="0.123"/>
  <testcase classname="A2A.Seleniummadeeasy.CheckBoxText" name="Text" time="0.046"/>
  <testcase classname="A2A.Seleniummadeeasy.CheckBoxText" name="uncheckedCheck" time="0.348"/>
  <testcase classname="A2A.Seleniummadeeasy.RadioboxTest" name="emptyValue" time="0.646"/>
</testsuite> <!-- Test -->
