<?xml version="1.0" encoding="UTF-8"?>
<!-- Generated by org.testng.reporters.JUnitXMLReporter -->
<testsuite ignored="0" hostname="Archon" failures="0" tests="8" name="Test" time="14.431" errors="0" timestamp="2022-01-29T21:40:39 NPT">
  <testcase classname="A2A.Seleniummadeeasy.FirstPageTest" name="messageInput" time="0.437"/>
  <testcase classname="A2A.Seleniummadeeasy.FirstPageTest" name="twomessageInput" time="0.295"/>
  <testcase classname="A2A.Seleniummadeeasy.FirstPageTest" name="SimpleformNavigate" time="0.521"/>
  <testcase classname="A2A.Seleniummadeeasy.FirstPageTest" name="radioNavigation" time="0.339"/>
  <testcase classname="A2A.Seleniummadeeasy.CheckBoxText" name="checkDisplayedCheck" time="0.564"/>
  <testcase classname="A2A.Seleniummadeeasy.CheckBoxText" name="checkSelected" time="0.115"/>
  <testcase classname="A2A.Seleniummadeeasy.CheckBoxText" name="Text" time="0.05"/>
  <testcase classname="A2A.Seleniummadeeasy.CheckBoxText" name="uncheckedCheck" time="0.346"/>
</testsuite> <!-- Test -->
