<?xml version="1.0" encoding="UTF-8"?>
<testng-results ignored="0" total="10" passed="10" failed="0" skipped="0">
  <reporter-output>
  </reporter-output>
  <suite started-at="2022-01-30T15:16:39 NPT" name="Suite" finished-at="2022-01-30T15:16:57 NPT" duration-ms="17869">
    <groups>
    </groups>
    <test started-at="2022-01-30T15:16:39 NPT" name="Test" finished-at="2022-01-30T15:16:57 NPT" duration-ms="17869">
      <class name="A2A.Seleniummadeeasy.CheckBoxText">
        <test-method is-config="true" signature="initialize()[pri:0, instance:A2A.Seleniummadeeasy.CheckBoxText@4b41e4dd]" started-at="2022-01-30T15:16:47 NPT" name="initialize" finished-at="2022-01-30T15:16:50 NPT" duration-ms="3769" status="PASS">
          <reporter-output>
          </reporter-output>
        </test-method> <!-- initialize -->
        <test-method signature="checkDisplayedCheck()[pri:1, instance:A2A.Seleniummadeeasy.CheckBoxText@4b41e4dd]" started-at="2022-01-30T15:16:50 NPT" name="checkDisplayedCheck" finished-at="2022-01-30T15:16:51 NPT" duration-ms="559" status="PASS">
          <reporter-output>
          </reporter-output>
        </test-method> <!-- checkDisplayedCheck -->
        <test-method signature="checkSelected()[pri:2, instance:A2A.Seleniummadeeasy.CheckBoxText@4b41e4dd]" started-at="2022-01-30T15:16:51 NPT" name="checkSelected" finished-at="2022-01-30T15:16:51 NPT" duration-ms="118" status="PASS">
          <reporter-output>
          </reporter-output>
        </test-method> <!-- checkSelected -->
        <test-method signature="Text()[pri:3, instance:A2A.Seleniummadeeasy.CheckBoxText@4b41e4dd]" started-at="2022-01-30T15:16:51 NPT" name="Text" finished-at="2022-01-30T15:16:51 NPT" duration-ms="50" status="PASS">
          <reporter-output>
          </reporter-output>
        </test-method> <!-- Text -->
        <test-method signature="uncheckedCheck()[pri:4, instance:A2A.Seleniummadeeasy.CheckBoxText@4b41e4dd]" started-at="2022-01-30T15:16:51 NPT" name="uncheckedCheck" finished-at="2022-01-30T15:16:51 NPT" duration-ms="355" status="PASS">
          <reporter-output>
          </reporter-output>
        </test-method> <!-- uncheckedCheck -->
        <test-method is-config="true" signature="closeBrowser()[pri:0, instance:A2A.Seleniummadeeasy.CheckBoxText@4b41e4dd]" started-at="2022-01-30T15:16:51 NPT" name="closeBrowser" finished-at="2022-01-30T15:16:52 NPT" duration-ms="198" status="PASS">
          <reporter-output>
          </reporter-output>
        </test-method> <!-- closeBrowser -->
      </class> <!-- A2A.Seleniummadeeasy.CheckBoxText -->
      <class name="A2A.Seleniummadeeasy.FirstPageTest">
        <test-method is-config="true" signature="initialize()[pri:0, instance:A2A.Seleniummadeeasy.FirstPageTest@33b1c5c5]" started-at="2022-01-30T15:16:39 NPT" name="initialize" finished-at="2022-01-30T15:16:45 NPT" duration-ms="5694" status="PASS">
          <reporter-output>
          </reporter-output>
        </test-method> <!-- initialize -->
        <test-method signature="messageInput()[pri:1, instance:A2A.Seleniummadeeasy.FirstPageTest@33b1c5c5]" started-at="2022-01-30T15:16:45 NPT" name="messageInput" finished-at="2022-01-30T15:16:45 NPT" duration-ms="340" status="PASS">
          <reporter-output>
          </reporter-output>
        </test-method> <!-- messageInput -->
        <test-method signature="twomessageInput()[pri:2, instance:A2A.Seleniummadeeasy.FirstPageTest@33b1c5c5]" started-at="2022-01-30T15:16:45 NPT" name="twomessageInput" finished-at="2022-01-30T15:16:46 NPT" duration-ms="319" status="PASS">
          <reporter-output>
          </reporter-output>
        </test-method> <!-- twomessageInput -->
        <test-method signature="SimpleformNavigate()[pri:3, instance:A2A.Seleniummadeeasy.FirstPageTest@33b1c5c5]" started-at="2022-01-30T15:16:46 NPT" name="SimpleformNavigate" finished-at="2022-01-30T15:16:46 NPT" duration-ms="459" status="PASS">
          <reporter-output>
          </reporter-output>
        </test-method> <!-- SimpleformNavigate -->
        <test-method signature="radioNavigation()[pri:4, instance:A2A.Seleniummadeeasy.FirstPageTest@33b1c5c5]" started-at="2022-01-30T15:16:46 NPT" name="radioNavigation" finished-at="2022-01-30T15:16:46 NPT" duration-ms="331" status="PASS">
          <reporter-output>
          </reporter-output>
        </test-method> <!-- radioNavigation -->
        <test-method is-config="true" signature="closeBrowser()[pri:0, instance:A2A.Seleniummadeeasy.FirstPageTest@33b1c5c5]" started-at="2022-01-30T15:16:46 NPT" name="closeBrowser" finished-at="2022-01-30T15:16:47 NPT" duration-ms="221" status="PASS">
          <reporter-output>
          </reporter-output>
        </test-method> <!-- closeBrowser -->
      </class> <!-- A2A.Seleniummadeeasy.FirstPageTest -->
      <class name="A2A.Seleniummadeeasy.RadioboxTest">
        <test-method is-config="true" signature="initialize()[pri:0, instance:A2A.Seleniummadeeasy.RadioboxTest@22ffa91a]" started-at="2022-01-30T15:16:52 NPT" name="initialize" finished-at="2022-01-30T15:16:55 NPT" duration-ms="3775" status="PASS">
          <reporter-output>
          </reporter-output>
        </test-method> <!-- initialize -->
        <test-method signature="emptyValue()[pri:1, instance:A2A.Seleniummadeeasy.RadioboxTest@22ffa91a]" started-at="2022-01-30T15:16:55 NPT" name="emptyValue" finished-at="2022-01-30T15:16:56 NPT" duration-ms="536" status="PASS">
          <reporter-output>
          </reporter-output>
        </test-method> <!-- emptyValue -->
        <test-method signature="genderAge()[pri:2, instance:A2A.Seleniummadeeasy.RadioboxTest@22ffa91a]" started-at="2022-01-30T15:16:56 NPT" name="genderAge" finished-at="2022-01-30T15:16:57 NPT" duration-ms="904" status="PASS">
          <reporter-output>
          </reporter-output>
        </test-method> <!-- genderAge -->
        <test-method is-config="true" signature="closeBrowser()[pri:0, instance:A2A.Seleniummadeeasy.RadioboxTest@22ffa91a]" started-at="2022-01-30T15:16:57 NPT" name="closeBrowser" finished-at="2022-01-30T15:16:57 NPT" duration-ms="172" status="PASS">
          <reporter-output>
          </reporter-output>
        </test-method> <!-- closeBrowser -->
      </class> <!-- A2A.Seleniummadeeasy.RadioboxTest -->
    </test> <!-- Test -->
  </suite> <!-- Suite -->
</testng-results>
